<?xml version="1.0" encoding="UTF-8"?>
<testsuite xmlns:xsi="http://www.w3.org/2001/XMLSchema-instance" xsi:noNamespaceSchemaLocation="https://maven.apache.org/surefire/maven-surefire-plugin/xsd/surefire-test-report-3.0.xsd" version="3.0" name="USSD" time="19.254" tests="1" errors="0" skipped="0" failures="0">
  <properties>
[...]
</properties>
  <testcase name="testing *1#" classname="USSD" time="19.203">
    <system-out><![CDATA[
Scenario: testing *1#          # src/test/resources/feature/USSD.feature:3
  Given I open phone app       # com.adak.step_defenitions.USSD_steps.i_open_phone_app()
  When I open the key pad      # com.adak.step_defenitions.USSD_steps.i_open_the_key_pad()
  And I enter code and call    # com.adak.step_defenitions.USSD_steps.i_enter_code_and_call()
  And I choose internet        # com.adak.step_defenitions.USSD_steps.i_choose_internet()
  And I choose hamrah aval     # com.adak.step_defenitions.USSD_steps.i_choose_hamrah_aval()
  And I choose CIP             # com.adak.step_defenitions.USSD_steps.i_choose_cip()
  Then It should not available # com.adak.step_defenitions.USSD_steps.it_should_not_available()
]]></system-out>
  </testcase>
</testsuite>